Reading pref.tcl

# 2024.2

# do vf/scripts/runtb_system_e2e_behav.tcl
# /homes/user/stud/fall25/lw3227/CNN_ACC
# /homes/user/stud/fall25/lw3227/CNN_ACC
# /user/stud/fall25/lw3227/vcd
# ** Warning: (vlib-34) Library already exists at "work".
# Errors: 0, Warnings: 1
# Model Technology ModelSim DE vmap 2024.2 Lib Mapping Utility 2024.05 May 20 2024
# vmap work work 
# Modifying modelsim.ini
INFO: using behavioral SRAM + tb_system_e2e_10class.
# Model Technology ModelSim DE vlog 2024.2 Compiler 2024.05 May 20 2024
# Start time: 20:47:03 on Apr 15,2026
# vlog "+acc" -incr /homes/user/stud/fall25/lw3227/CNN_ACC/input/TB/sram_behav.v 
# -- Skipping module sram_A
# -- Skipping module sram_B
# 
# Top level modules:
# 	sram_A
# 	sram_B
# End time: 20:47:04 on Apr 15,2026, Elapsed time: 0:00:01
# Errors: 0, Warnings: 0
# Model Technology ModelSim DE vlog 2024.2 Compiler 2024.05 May 20 2024
# Start time: 20:47:04 on Apr 15,2026
# vlog "+acc" -incr /homes/user/stud/fall25/lw3227/CNN_ACC/input/TB/tb_system_e2e_10class.v 
# -- Skipping module tb_system_e2e_10class
# 
# Top level modules:
# 	tb_system_e2e_10class
# End time: 20:47:04 on Apr 15,2026, Elapsed time: 0:00:00
# Errors: 0, Warnings: 0
# tb_system_e2e_10class
# Model Technology ModelSim DE vlog 2024.2 Compiler 2024.05 May 20 2024
# Start time: 20:47:04 on Apr 15,2026
# vlog "+acc" -incr /homes/user/stud/fall25/lw3227/CNN_ACC/input/RTL/SRAM/Addr_Gen.v 
# -- Skipping module Addr_Gen
# 
# Top level modules:
# 	Addr_Gen
# End time: 20:47:04 on Apr 15,2026, Elapsed time: 0:00:00
# Errors: 0, Warnings: 0
# Model Technology ModelSim DE vlog 2024.2 Compiler 2024.05 May 20 2024
# Start time: 20:47:04 on Apr 15,2026
# vlog "+acc" -incr /homes/user/stud/fall25/lw3227/CNN_ACC/input/RTL/SRAM/sram_A_controller.v 
# -- Skipping module sram_A_controller
# 
# Top level modules:
# 	sram_A_controller
# End time: 20:47:04 on Apr 15,2026, Elapsed time: 0:00:00
# Errors: 0, Warnings: 0
# Model Technology ModelSim DE vlog 2024.2 Compiler 2024.05 May 20 2024
# Start time: 20:47:04 on Apr 15,2026
# vlog "+acc" -incr /homes/user/stud/fall25/lw3227/CNN_ACC/input/RTL/SRAM/sram_B_controller.v 
# -- Skipping module sram_B_controller
# 
# Top level modules:
# 	sram_B_controller
# End time: 20:47:04 on Apr 15,2026, Elapsed time: 0:00:00
# Errors: 0, Warnings: 0
# Model Technology ModelSim DE vlog 2024.2 Compiler 2024.05 May 20 2024
# Start time: 20:47:04 on Apr 15,2026
# vlog "+acc" -incr /homes/user/stud/fall25/lw3227/CNN_ACC/input/RTL/SRAM/sram_A_wrapper.v 
# -- Skipping module sram_A_wrapper
# 
# Top level modules:
# 	sram_A_wrapper
# End time: 20:47:04 on Apr 15,2026, Elapsed time: 0:00:00
# Errors: 0, Warnings: 0
# Model Technology ModelSim DE vlog 2024.2 Compiler 2024.05 May 20 2024
# Start time: 20:47:04 on Apr 15,2026
# vlog "+acc" -incr /homes/user/stud/fall25/lw3227/CNN_ACC/input/RTL/SRAM/sram_B_wrapper.v 
# -- Skipping module sram_B_wrapper
# 
# Top level modules:
# 	sram_B_wrapper
# End time: 20:47:04 on Apr 15,2026, Elapsed time: 0:00:00
# Errors: 0, Warnings: 0
# Model Technology ModelSim DE vlog 2024.2 Compiler 2024.05 May 20 2024
# Start time: 20:47:04 on Apr 15,2026
# vlog "+acc" -incr /homes/user/stud/fall25/lw3227/CNN_ACC/input/RTL/SRAM/sram_FCW_wrapper.v 
# -- Skipping module sram_FCW_wrapper
# 
# Top level modules:
# 	sram_FCW_wrapper
# End time: 20:47:04 on Apr 15,2026, Elapsed time: 0:00:00
# Errors: 0, Warnings: 0
# Model Technology ModelSim DE vlog 2024.2 Compiler 2024.05 May 20 2024
# Start time: 20:47:04 on Apr 15,2026
# vlog "+acc" -incr /homes/user/stud/fall25/lw3227/CNN_ACC/input/RTL/SRAM/fcw_preload_packer.v 
# -- Skipping module fcw_preload_packer
# 
# Top level modules:
# 	fcw_preload_packer
# End time: 20:47:05 on Apr 15,2026, Elapsed time: 0:00:01
# Errors: 0, Warnings: 0
# Model Technology ModelSim DE vlog 2024.2 Compiler 2024.05 May 20 2024
# Start time: 20:47:05 on Apr 15,2026
# vlog "+acc" -incr /homes/user/stud/fall25/lw3227/CNN_ACC/input/RTL/SRAM/top_sram_A.v 
# -- Skipping module top_sram_A
# 
# Top level modules:
# 	top_sram_A
# End time: 20:47:05 on Apr 15,2026, Elapsed time: 0:00:00
# Errors: 0, Warnings: 0
# Model Technology ModelSim DE vlog 2024.2 Compiler 2024.05 May 20 2024
# Start time: 20:47:05 on Apr 15,2026
# vlog "+acc" -incr /homes/user/stud/fall25/lw3227/CNN_ACC/input/RTL/SRAM/top_sram_B.v 
# -- Skipping module top_sram_B
# 
# Top level modules:
# 	top_sram_B
# End time: 20:47:05 on Apr 15,2026, Elapsed time: 0:00:00
# Errors: 0, Warnings: 0
# Model Technology ModelSim DE vlog 2024.2 Compiler 2024.05 May 20 2024
# Start time: 20:47:05 on Apr 15,2026
# vlog "+acc" -incr /homes/user/stud/fall25/lw3227/CNN_ACC/input/RTL/conv_core/Line_Buffer.v 
# -- Skipping module Line_Buffer
# 
# Top level modules:
# 	Line_Buffer
# End time: 20:47:05 on Apr 15,2026, Elapsed time: 0:00:00
# Errors: 0, Warnings: 0
# Model Technology ModelSim DE vlog 2024.2 Compiler 2024.05 May 20 2024
# Start time: 20:47:05 on Apr 15,2026
# vlog "+acc" -incr /homes/user/stud/fall25/lw3227/CNN_ACC/input/RTL/conv_core/input_row_aligner.v 
# -- Skipping module input_row_aligner
# 
# Top level modules:
# 	input_row_aligner
# End time: 20:47:05 on Apr 15,2026, Elapsed time: 0:00:00
# Errors: 0, Warnings: 0
# Model Technology ModelSim DE vlog 2024.2 Compiler 2024.05 May 20 2024
# Start time: 20:47:05 on Apr 15,2026
# vlog "+acc" -incr /homes/user/stud/fall25/lw3227/CNN_ACC/input/RTL/conv_core/sa_skew_feeder.v 
# -- Skipping module sa_skew_feeder
# 
# Top level modules:
# 	sa_skew_feeder
# End time: 20:47:05 on Apr 15,2026, Elapsed time: 0:00:00
# Errors: 0, Warnings: 0
# Model Technology ModelSim DE vlog 2024.2 Compiler 2024.05 May 20 2024
# Start time: 20:47:05 on Apr 15,2026
# vlog "+acc" -incr /homes/user/stud/fall25/lw3227/CNN_ACC/input/RTL/conv_core/Conv_Buffer.v 
# -- Skipping module Conv_Buffer
# 
# Top level modules:
# 	Conv_Buffer
# End time: 20:47:05 on Apr 15,2026, Elapsed time: 0:00:00
# Errors: 0, Warnings: 0
# Model Technology ModelSim DE vlog 2024.2 Compiler 2024.05 May 20 2024
# Start time: 20:47:05 on Apr 15,2026
# vlog "+acc" -incr /homes/user/stud/fall25/lw3227/CNN_ACC/input/RTL/conv_core/systolic_array_top.v 
# -- Skipping module systolic_array_top
# -- Skipping module single_PE
# 
# Top level modules:
# 	systolic_array_top
# End time: 20:47:05 on Apr 15,2026, Elapsed time: 0:00:00
# Errors: 0, Warnings: 0
# Model Technology ModelSim DE vlog 2024.2 Compiler 2024.05 May 20 2024
# Start time: 20:47:05 on Apr 15,2026
# vlog "+acc" -incr /homes/user/stud/fall25/lw3227/CNN_ACC/input/RTL/conv_core/weight_buffer.v 
# -- Skipping module ring_shift_reg
# -- Skipping module weight_buffer
# 
# Top level modules:
# 	weight_buffer
# End time: 20:47:05 on Apr 15,2026, Elapsed time: 0:00:00
# Errors: 0, Warnings: 0
# Model Technology ModelSim DE vlog 2024.2 Compiler 2024.05 May 20 2024
# Start time: 20:47:05 on Apr 15,2026
# vlog "+acc" -incr /homes/user/stud/fall25/lw3227/CNN_ACC/input/RTL/conv_core/conv_engine_ctrl.v 
# -- Skipping module conv_engine_ctrl
# 
# Top level modules:
# 	conv_engine_ctrl
# End time: 20:47:05 on Apr 15,2026, Elapsed time: 0:00:00
# Errors: 0, Warnings: 0
# Model Technology ModelSim DE vlog 2024.2 Compiler 2024.05 May 20 2024
# Start time: 20:47:05 on Apr 15,2026
# vlog "+acc" -incr /homes/user/stud/fall25/lw3227/CNN_ACC/input/RTL/conv_core/conv_top.v 
# -- Skipping module conv_top
# 
# Top level modules:
# 	conv_top
# End time: 20:47:06 on Apr 15,2026, Elapsed time: 0:00:01
# Errors: 0, Warnings: 0
# Model Technology ModelSim DE vlog 2024.2 Compiler 2024.05 May 20 2024
# Start time: 20:47:06 on Apr 15,2026
# vlog "+acc" -incr /homes/user/stud/fall25/lw3227/CNN_ACC/input/RTL/quant_pool/integration/quant_param_loader.v 
# -- Skipping module quant_param_loader
# 
# Top level modules:
# 	quant_param_loader
# End time: 20:47:06 on Apr 15,2026, Elapsed time: 0:00:00
# Errors: 0, Warnings: 0
# Model Technology ModelSim DE vlog 2024.2 Compiler 2024.05 May 20 2024
# Start time: 20:47:06 on Apr 15,2026
# vlog "+acc" -incr /homes/user/stud/fall25/lw3227/CNN_ACC/input/RTL/quant_pool/integration/conv_quant_adapter.v 
# -- Skipping module conv_quant_adapter
# 
# Top level modules:
# 	conv_quant_adapter
# End time: 20:47:06 on Apr 15,2026, Elapsed time: 0:00:00
# Errors: 0, Warnings: 0
# Model Technology ModelSim DE vlog 2024.2 Compiler 2024.05 May 20 2024
# Start time: 20:47:06 on Apr 15,2026
# vlog "+acc" -incr /homes/user/stud/fall25/lw3227/CNN_ACC/input/RTL/quant_pool/integration/quant_pool_adapter.v 
# -- Skipping module quant_pool_adapter
# 
# Top level modules:
# 	quant_pool_adapter
# End time: 20:47:06 on Apr 15,2026, Elapsed time: 0:00:00
# Errors: 0, Warnings: 0
# Model Technology ModelSim DE vlog 2024.2 Compiler 2024.05 May 20 2024
# Start time: 20:47:06 on Apr 15,2026
# vlog "+acc" -incr /homes/user/stud/fall25/lw3227/CNN_ACC/input/RTL/quant_pool/quant/Quantization_PE.v 
# -- Skipping module Quantization_PE
# 
# Top level modules:
# 	Quantization_PE
# End time: 20:47:06 on Apr 15,2026, Elapsed time: 0:00:00
# Errors: 0, Warnings: 0
# Model Technology ModelSim DE vlog 2024.2 Compiler 2024.05 May 20 2024
# Start time: 20:47:06 on Apr 15,2026
# vlog "+acc" -incr /homes/user/stud/fall25/lw3227/CNN_ACC/input/RTL/quant_pool/quant/Quantization_Top.v 
# -- Skipping module Quantization_Top
# 
# Top level modules:
# 	Quantization_Top
# End time: 20:47:06 on Apr 15,2026, Elapsed time: 0:00:00
# Errors: 0, Warnings: 0
# Model Technology ModelSim DE vlog 2024.2 Compiler 2024.05 May 20 2024
# Start time: 20:47:06 on Apr 15,2026
# vlog "+acc" -incr /homes/user/stud/fall25/lw3227/CNN_ACC/input/RTL/quant_pool/pool/pool_core.v 
# -- Skipping module pool_core_lane
# -- Skipping module pool_core
# 
# Top level modules:
# 	pool_core
# End time: 20:47:06 on Apr 15,2026, Elapsed time: 0:00:00
# Errors: 0, Warnings: 0
# Model Technology ModelSim DE vlog 2024.2 Compiler 2024.05 May 20 2024
# Start time: 20:47:06 on Apr 15,2026
# vlog "+acc" -incr /homes/user/stud/fall25/lw3227/CNN_ACC/input/RTL/quant_pool/pool/pool_stream_top.v 
# -- Skipping module pool_stream_top
# 
# Top level modules:
# 	pool_stream_top
# End time: 20:47:06 on Apr 15,2026, Elapsed time: 0:00:00
# Errors: 0, Warnings: 0
# Model Technology ModelSim DE vlog 2024.2 Compiler 2024.05 May 20 2024
# Start time: 20:47:06 on Apr 15,2026
# vlog "+acc" -incr /homes/user/stud/fall25/lw3227/CNN_ACC/input/RTL/conv_core/conv_quant_pool.v 
# -- Skipping module conv_quant_pool
# 
# Top level modules:
# 	conv_quant_pool
# End time: 20:47:06 on Apr 15,2026, Elapsed time: 0:00:00
# Errors: 0, Warnings: 0
# Model Technology ModelSim DE vlog 2024.2 Compiler 2024.05 May 20 2024
# Start time: 20:47:06 on Apr 15,2026
# vlog "+acc" -incr /homes/user/stud/fall25/lw3227/CNN_ACC/input/RTL/fsm/top_fsm.v 
# -- Skipping module top_fsm
# 
# Top level modules:
# 	top_fsm
# End time: 20:47:07 on Apr 15,2026, Elapsed time: 0:00:01
# Errors: 0, Warnings: 0
# Model Technology ModelSim DE vlog 2024.2 Compiler 2024.05 May 20 2024
# Start time: 20:47:07 on Apr 15,2026
# vlog "+acc" -incr /homes/user/stud/fall25/lw3227/CNN_ACC/input/RTL/fsm/layer_runner_fsm.v 
# -- Compiling module layer_runner_fsm
# 
# Top level modules:
# 	layer_runner_fsm
# End time: 20:47:07 on Apr 15,2026, Elapsed time: 0:00:00
# Errors: 0, Warnings: 0
# Model Technology ModelSim DE vlog 2024.2 Compiler 2024.05 May 20 2024
# Start time: 20:47:07 on Apr 15,2026
# vlog "+acc" -incr /homes/user/stud/fall25/lw3227/CNN_ACC/input/RTL/fsm/wt_prepad_inserter.v 
# -- Skipping module wt_prepad_inserter
# 
# Top level modules:
# 	wt_prepad_inserter
# End time: 20:47:07 on Apr 15,2026, Elapsed time: 0:00:00
# Errors: 0, Warnings: 0
# Model Technology ModelSim DE vlog 2024.2 Compiler 2024.05 May 20 2024
# Start time: 20:47:07 on Apr 15,2026
# vlog "+acc" -incr /homes/user/stud/fall25/lw3227/CNN_ACC/input/RTL/fsm/conv_data_adapter.v 
# -- Skipping module conv_data_adapter
# 
# Top level modules:
# 	conv_data_adapter
# End time: 20:47:07 on Apr 15,2026, Elapsed time: 0:00:00
# Errors: 0, Warnings: 0
# Model Technology ModelSim DE vlog 2024.2 Compiler 2024.05 May 20 2024
# Start time: 20:47:07 on Apr 15,2026
# vlog "+acc" -incr /homes/user/stud/fall25/lw3227/CNN_ACC/input/RTL/fc/mac.v 
# -- Skipping module mac
# 
# Top level modules:
# 	mac
# End time: 20:47:07 on Apr 15,2026, Elapsed time: 0:00:00
# Errors: 0, Warnings: 0
# Model Technology ModelSim DE vlog 2024.2 Compiler 2024.05 May 20 2024
# Start time: 20:47:07 on Apr 15,2026
# vlog "+acc" -incr /homes/user/stud/fall25/lw3227/CNN_ACC/input/RTL/fc/fc_bias_loader.v 
# -- Skipping module fc_bias_loader
# 
# Top level modules:
# 	fc_bias_loader
# End time: 20:47:07 on Apr 15,2026, Elapsed time: 0:00:00
# Errors: 0, Warnings: 0
# Model Technology ModelSim DE vlog 2024.2 Compiler 2024.05 May 20 2024
# Start time: 20:47:07 on Apr 15,2026
# vlog "+acc" -incr /homes/user/stud/fall25/lw3227/CNN_ACC/input/RTL/fc/FC.v 
# -- Skipping module FC
# 
# Top level modules:
# 	FC
# End time: 20:47:07 on Apr 15,2026, Elapsed time: 0:00:00
# Errors: 0, Warnings: 0
# Model Technology ModelSim DE vlog 2024.2 Compiler 2024.05 May 20 2024
# Start time: 20:47:07 on Apr 15,2026
# vlog "+acc" -incr /homes/user/stud/fall25/lw3227/CNN_ACC/input/RTL/fc/fc_data_adapter.v 
# -- Skipping module fc_data_adapter
# 
# Top level modules:
# 	fc_data_adapter
# End time: 20:47:07 on Apr 15,2026, Elapsed time: 0:00:00
# Errors: 0, Warnings: 0
# Model Technology ModelSim DE vlog 2024.2 Compiler 2024.05 May 20 2024
# Start time: 20:47:07 on Apr 15,2026
# vlog "+acc" -incr /homes/user/stud/fall25/lw3227/CNN_ACC/input/RTL/system_top.v 
# -- Compiling module system_top
# 
# Top level modules:
# 	system_top
# End time: 20:47:07 on Apr 15,2026, Elapsed time: 0:00:00
# Errors: 0, Warnings: 0
# vsim -t ps work.tb_system_e2e_10class "+PROJ_DIR=/homes/user/stud/fall25/lw3227/CNN_ACC" "+NO_VCD" 
# Start time: 20:47:07 on Apr 15,2026
# //  ModelSim DE 2024.2 May 20 2024 Linux 4.18.0-553.117.1.el8_10.x86_64
# //
# // Unpublished work. Copyright 2024 Siemens
# //
# // This material contains trade secrets or otherwise confidential information
# // owned by Siemens Industry Software Inc. or its affiliates (collectively,
# // "SISW"), or its licensors. Access to and use of this information is strictly
# // limited as set forth in the Customer's applicable agreements with SISW.
# //
# // This material may not be copied, distributed, or otherwise disclosed outside
# // of the Customer's facilities without the express written permission of SISW,
# // and may not be used in any way not expressly authorized by SISW.
# //
# Loading work.tb_system_e2e_10class
# Loading work.system_top
# Loading work.top_fsm
# Loading work.layer_runner_fsm
# Loading work.top_sram_A
# Loading work.Addr_Gen
# Loading work.sram_A_wrapper
# Loading work.sram_A
# Loading work.sram_A_controller
# Loading work.fcw_preload_packer
# Loading work.sram_FCW_wrapper
# Loading work.top_sram_B
# Loading work.sram_B_wrapper
# Loading work.sram_B
# Loading work.sram_B_controller
# Loading work.wt_prepad_inserter
# Loading work.conv_data_adapter
# Loading work.conv_quant_pool
# Loading work.conv_top
# Loading work.input_row_aligner
# Loading work.Line_Buffer
# Loading work.weight_buffer
# Loading work.ring_shift_reg
# Loading work.Conv_Buffer
# Loading work.sa_skew_feeder
# Loading work.conv_engine_ctrl
# Loading work.systolic_array_top
# Loading work.conv_quant_adapter
# Loading work.quant_param_loader
# Loading work.Quantization_Top
# Loading work.Quantization_PE
# Loading work.quant_pool_adapter
# Loading work.pool_stream_top
# Loading work.pool_core
# Loading work.pool_core_lane
# Loading work.fc_data_adapter
# Loading work.FC
# Loading work.fc_bias_loader
# Loading work.single_PE
# Loading work.mac
# Unable to lock WLF file "vsim.wlf". Retrying 1 times, errno 11
# Unable to lock WLF file "vsim.wlf". Retrying 2 times, errno 11
# Unable to lock WLF file "vsim.wlf". Retrying 3 times, errno 11
# Cannot lock WLF file: "vsim.wlf"
#           errno 11: Resource temporarily unavailable.
# ** Warning: (vsim-WLF-5000) WLF file currently in use: vsim.wlf
#           File in use by: unknown  Hostname: cadpc24  ProcessID: 799116
#           Attempting to use alternate WLF file "./wlftBjGdFj".
# ** Warning: (vsim-WLF-5001) Could not open WLF file: vsim.wlf
#           Using alternate file: ./wlftBjGdFj
# INFO: loaded conv_cfg (45 words) from /homes/user/stud/fall25/lw3227/CNN_ACC/CNN-Accelerator-Final-Project-of-CSEE4840-/matlab/hardware_aligned/debug/sram_preload/digit_0_test/preload_conv_cfg_45w.txt
# INFO: loaded conv_wt (225 words) from /homes/user/stud/fall25/lw3227/CNN_ACC/CNN-Accelerator-Final-Project-of-CSEE4840-/matlab/hardware_aligned/debug/sram_preload/digit_0_test/preload_conv_wt_225w_bytes.txt
# INFO: loaded fc_bias (10 words) from /homes/user/stud/fall25/lw3227/CNN_ACC/CNN-Accelerator-Final-Project-of-CSEE4840-/matlab/hardware_aligned/debug/sram_preload/digit_0_test/preload_fc_bias_10w.txt
# INFO: loaded fcw (864 words) from /homes/user/stud/fall25/lw3227/CNN_ACC/CNN-Accelerator-Final-Project-of-CSEE4840-/matlab/hardware_aligned/debug/sram_preload/digit_0_test/preload_fcw_864w.txt
# INFO: loading case 0 from /homes/user/stud/fall25/lw3227/CNN_ACC/CNN-Accelerator-Final-Project-of-CSEE4840-/matlab/hardware_aligned/debug/txt_cases/digit_0_test
# INFO: loading case 1 from /homes/user/stud/fall25/lw3227/CNN_ACC/CNN-Accelerator-Final-Project-of-CSEE4840-/matlab/hardware_aligned/debug/txt_cases/digit_1_test
# INFO: loading case 2 from /homes/user/stud/fall25/lw3227/CNN_ACC/CNN-Accelerator-Final-Project-of-CSEE4840-/matlab/hardware_aligned/debug/txt_cases/digit_2_test
# INFO: loading case 3 from /homes/user/stud/fall25/lw3227/CNN_ACC/CNN-Accelerator-Final-Project-of-CSEE4840-/matlab/hardware_aligned/debug/txt_cases/digit_3_test
# INFO: loading case 4 from /homes/user/stud/fall25/lw3227/CNN_ACC/CNN-Accelerator-Final-Project-of-CSEE4840-/matlab/hardware_aligned/debug/txt_cases/digit_4_test
# INFO: loading case 5 from /homes/user/stud/fall25/lw3227/CNN_ACC/CNN-Accelerator-Final-Project-of-CSEE4840-/matlab/hardware_aligned/debug/txt_cases/digit_5_test
# INFO: loading case 6 from /homes/user/stud/fall25/lw3227/CNN_ACC/CNN-Accelerator-Final-Project-of-CSEE4840-/matlab/hardware_aligned/debug/txt_cases/digit_6_test
# INFO: loading case 7 from /homes/user/stud/fall25/lw3227/CNN_ACC/CNN-Accelerator-Final-Project-of-CSEE4840-/matlab/hardware_aligned/debug/txt_cases/digit_7_test
# INFO: loading case 8 from /homes/user/stud/fall25/lw3227/CNN_ACC/CNN-Accelerator-Final-Project-of-CSEE4840-/matlab/hardware_aligned/debug/txt_cases/digit_8_test
# INFO: loading case 9 from /homes/user/stud/fall25/lw3227/CNN_ACC/CNN-Accelerator-Final-Project-of-CSEE4840-/matlab/hardware_aligned/debug/txt_cases/digit_9_test
# 
# === MODEL_LOAD ===
# INFO: sending conv_cfg (45 words)
# INFO: sending conv_wt (225 words)
# INFO: sending fc_bias (10 words)
# INFO: sending fcw (864 words)
# PASS: MODEL_LOAD complete, TopFSM in READY
# 
# === CASE 0 (dgt0): INFER ===
# INFO: streaming image (1024 words)
# INFO: image stream complete
# INFO: inference done in 9131 cycles; predict_class=0 (expected 0)
# DIAG_FC[0]: acc[0] got=76241 exp=8466 MISMATCH
# DIAG_FC[0]: acc[1] got=-69926 exp=-10455 MISMATCH
# DIAG_FC[0]: acc[2] got=-118862 exp=-7292 MISMATCH
# DIAG_FC[0]: acc[3] got=-323475 exp=-19118 MISMATCH
# DIAG_FC[0]: 10/10 accumulator mismatches
# PASS[0]: predict_class=0 matches
# 
# === CASE 1 (dgt1): INFER ===
# INFO: streaming image (1024 words)
# INFO: image stream complete
# INFO: inference done in 9131 cycles; predict_class=0 (expected 1)
# DIAG_FC[1]: acc[0] got=76241 exp=-7906 MISMATCH
# DIAG_FC[1]: acc[1] got=-69926 exp=22545 MISMATCH
# DIAG_FC[1]: acc[2] got=-118862 exp=12353 MISMATCH
# DIAG_FC[1]: acc[3] got=-323475 exp=-9801 MISMATCH
# DIAG_FC[1]: 10/10 accumulator mismatches
# FAIL[1]: predict_class got=0 exp=1
# 
# === CASE 2 (dgt2): INFER ===
# INFO: streaming image (1024 words)
# INFO: image stream complete
# INFO: inference done in 9131 cycles; predict_class=0 (expected 2)
# DIAG_FC[2]: acc[0] got=76241 exp=-30021 MISMATCH
# DIAG_FC[2]: acc[1] got=-69926 exp=-11497 MISMATCH
# DIAG_FC[2]: acc[2] got=-118862 exp=5010 MISMATCH
# DIAG_FC[2]: acc[3] got=-323475 exp=-10570 MISMATCH
# DIAG_FC[2]: 10/10 accumulator mismatches
# FAIL[2]: predict_class got=0 exp=2
# 
# === CASE 3 (dgt3): INFER ===
# INFO: streaming image (1024 words)
# INFO: image stream complete
# INFO: inference done in 9131 cycles; predict_class=0 (expected 3)
# DIAG_FC[3]: acc[0] got=76241 exp=-38551 MISMATCH
# DIAG_FC[3]: acc[1] got=-69926 exp=-18396 MISMATCH
# DIAG_FC[3]: acc[2] got=-118862 exp=3671 MISMATCH
# DIAG_FC[3]: acc[3] got=-323475 exp=11548 MISMATCH
# DIAG_FC[3]: 10/10 accumulator mismatches
# FAIL[3]: predict_class got=0 exp=3
# 
# === CASE 4 (dgt4): INFER ===
# INFO: streaming image (1024 words)
# INFO: image stream complete
# INFO: inference done in 9131 cycles; predict_class=0 (expected 6)
# DIAG_FC[4]: acc[0] got=76241 exp=-22236 MISMATCH
# DIAG_FC[4]: acc[1] got=-69926 exp=-21758 MISMATCH
# DIAG_FC[4]: acc[2] got=-118862 exp=-9510 MISMATCH
# DIAG_FC[4]: acc[3] got=-323475 exp=-18116 MISMATCH
# DIAG_FC[4]: 10/10 accumulator mismatches
# FAIL[4]: predict_class got=0 exp=6
# 
# === CASE 5 (dgt5): INFER ===
# INFO: streaming image (1024 words)
# INFO: image stream complete
# INFO: inference done in 9131 cycles; predict_class=0 (expected 5)
# DIAG_FC[5]: acc[0] got=76241 exp=-30730 MISMATCH
# DIAG_FC[5]: acc[1] got=-69926 exp=-51661 MISMATCH
# DIAG_FC[5]: acc[2] got=-118862 exp=-30883 MISMATCH
# DIAG_FC[5]: acc[3] got=-323475 exp=-5274 MISMATCH
# DIAG_FC[5]: 10/10 accumulator mismatches
# FAIL[5]: predict_class got=0 exp=5
# 
# === CASE 6 (dgt6): INFER ===
# INFO: streaming image (1024 words)
# INFO: image stream complete
# INFO: inference done in 9131 cycles; predict_class=0 (expected 6)
# DIAG_FC[6]: acc[0] got=76241 exp=-31124 MISMATCH
# DIAG_FC[6]: acc[1] got=-69926 exp=-42979 MISMATCH
# DIAG_FC[6]: acc[2] got=-118862 exp=-5665 MISMATCH
# DIAG_FC[6]: acc[3] got=-323475 exp=-22772 MISMATCH
# DIAG_FC[6]: 10/10 accumulator mismatches
# FAIL[6]: predict_class got=0 exp=6
# 
# === CASE 7 (dgt7): INFER ===
# INFO: streaming image (1024 words)
# INFO: image stream complete
# INFO: inference done in 9131 cycles; predict_class=0 (expected 7)
# DIAG_FC[7]: acc[0] got=76241 exp=-24677 MISMATCH
# DIAG_FC[7]: acc[1] got=-69926 exp=-36847 MISMATCH
# DIAG_FC[7]: acc[2] got=-118862 exp=-17343 MISMATCH
# DIAG_FC[7]: acc[3] got=-323475 exp=-13999 MISMATCH
# DIAG_FC[7]: 10/10 accumulator mismatches
# FAIL[7]: predict_class got=0 exp=7
# 
# === CASE 8 (dgt8): INFER ===
# INFO: streaming image (1024 words)
# INFO: image stream complete
# INFO: inference done in 9131 cycles; predict_class=0 (expected 8)
# DIAG_FC[8]: acc[0] got=76241 exp=-19000 MISMATCH
# DIAG_FC[8]: acc[1] got=-69926 exp=-13661 MISMATCH
# DIAG_FC[8]: acc[2] got=-118862 exp=-7390 MISMATCH
# DIAG_FC[8]: acc[3] got=-323475 exp=-16136 MISMATCH
# DIAG_FC[8]: 10/10 accumulator mismatches
# FAIL[8]: predict_class got=0 exp=8
# 
# === CASE 9 (dgt9): INFER ===
# INFO: streaming image (1024 words)
# INFO: image stream complete
# INFO: inference done in 9131 cycles; predict_class=0 (expected 2)
# DIAG_FC[9]: acc[0] got=76241 exp=-17878 MISMATCH
# DIAG_FC[9]: acc[1] got=-69926 exp=-5443 MISMATCH
# DIAG_FC[9]: acc[2] got=-118862 exp=-300 MISMATCH
# DIAG_FC[9]: acc[3] got=-323475 exp=-14909 MISMATCH
# DIAG_FC[9]: 10/10 accumulator mismatches
# FAIL[9]: predict_class got=0 exp=2
# 
# ========================================
# FAIL: E2E test (109 errors across 10 cases)
# ========================================
# 
# ** Note: $finish    : /homes/user/stud/fall25/lw3227/CNN_ACC/input/TB/tb_system_e2e_10class.v(525)
#    Time: 1520115 ns  Iteration: 1  Instance: /tb_system_e2e_10class
# End time: 20:47:36 on Apr 15,2026, Elapsed time: 0:00:29
# Errors: 0, Warnings: 2
Support of the MGLS_LICENSE_FILE and LM_LICENSE_FILE licensing environment variables will be discontinued starting with the 2025.1 release. Please update to using the SALT_LICENSE_SERVER variable.
Please contact Siemens EDA Customer Support (https://support.sw.siemens.com/) for assistance.
